app/seeds.txt
com.haipeng.geomancy.R$anim: int abc_fade_in
com.haipeng.geomancy.R$anim: int abc_fade_out
com.haipeng.geomancy.R$anim: int abc_slide_in_bottom
com.haipeng.geomancy.R$anim: int abc_slide_in_top
com.haipeng.geomancy.R$anim: int abc_slide_out_bottom
com.haipeng.geomancy.R$anim: int abc_slide_out_top
com.haipeng.geomancy.R$array: int choice_question
com.haipeng.geomancy.R$array: int common_time
com.haipeng.geomancy.R$attr: int actionBarDivider
com.haipeng.geomancy.R$attr: int actionBarItemBackground
com.haipeng.geomancy.R$attr: int actionBarPopupTheme
com.haipeng.geomancy.R$attr: int actionBarSize
com.haipeng.geomancy.R$attr: int actionBarSplitStyle
com.haipeng.geomancy.R$attr: int actionBarStyle
com.haipeng.geomancy.R$attr: int actionBarTabBarStyle
com.haipeng.geomancy.R$attr: int actionBarTabStyle
com.haipeng.geomancy.R$attr: int actionBarTabTextStyle
com.haipeng.geomancy.R$attr: int actionBarTheme
com.haipeng.geomancy.R$attr: int actionBarWidgetTheme
com.haipeng.geomancy.R$attr: int actionButtonStyle
com.haipeng.geomancy.R$attr: int actionDropDownStyle
com.haipeng.geomancy.R$attr: int actionLayout
com.haipeng.geomancy.R$attr: int actionMenuTextAppearance
com.haipeng.geomancy.R$attr: int actionMenuTextColor
com.haipeng.geomancy.R$attr: int actionModeBackground
com.haipeng.geomancy.R$attr: int actionModeCloseButtonStyle
com.haipeng.geomancy.R$attr: int actionModeCloseDrawable
com.haipeng.geomancy.R$attr: int actionModeCopyDrawable
com.haipeng.geomancy.R$attr: int actionModeCutDrawable
com.haipeng.geomancy.R$attr: int actionModeFindDrawable
com.haipeng.geomancy.R$attr: int actionModePasteDrawable
com.haipeng.geomancy.R$attr: int actionModePopupWindowStyle
com.haipeng.geomancy.R$attr: int actionModeSelectAllDrawable
com.haipeng.geomancy.R$attr: int actionModeShareDrawable
com.haipeng.geomancy.R$attr: int actionModeSplitBackground
com.haipeng.geomancy.R$bool: int abc_action_bar_embed_tabs
com.haipeng.geomancy.R$bool: int abc_action_bar_embed_tabs_pre_jb
com.haipeng.geomancy.R$bool: int abc_action_bar_expanded_action_views_exclusive
com.haipeng.geomancy.R$bool: int abc_config_actionMenuItemAllCaps
com.haipeng.geomancy.R$bool: int abc_config_allowActionMenuItemTextWithIcon
com.haipeng.geomancy.R$bool: int abc_config_showMenuShortcutsWhenKeyboardPresent
com.haipeng.geomancy.R$color: int abc_background_cache_hint_selector_material_dark
com.haipeng.geomancy.R$color: int abc_background_cache_hint_selector_material_light
com.haipeng.geomancy.R$color: int abc_input_method_navigation_guard
com.haipeng.geomancy.R$color: int abc_primary_text_disable_only_material_dark
com.haipeng.geomancy.R$color: int abc_primary_text_disable_only_material_light
com.haipeng.geomancy.R$color: int abc_primary_text_material_dark
com.haipeng.geomancy.R$color: int abc_primary_text_material_light
com.haipeng.geomancy.R$color: int abc_search_url_text
com.haipeng.geomancy.R$color: int abc_search_url_text_normal
com.haipeng.geomancy.R$color: int abc_search_url_text_pressed
com.haipeng.geomancy.R$color: int abc_search_url_text_selected
com.haipeng.geomancy.R$color: int abc_secondary_text_material_dark
com.haipeng.geomancy.R$color: int abc_secondary_text_material_light
com.haipeng.geomancy.R$color: int accent_material_dark
com.haipeng.geomancy.R$color: int accent_material_light
com.haipeng.geomancy.R$color: int background_floating_material_dark
com.haipeng.geomancy.R$color: int background_floating_material_light
com.haipeng.geomancy.R$color: int background_material_dark
com.haipeng.geomancy.R$color: int background_material_light
com.haipeng.geomancy.R$color: int black
com.haipeng.geomancy.R$color: int blue
com.haipeng.geomancy.R$color: int bright_foreground_disabled_material_dark
com.haipeng.geomancy.R$color: int bright_foreground_disabled_material_light
...
android.support.v4.app.DialogFragment
android.support.v4.app.Fragment$InstantiationException
android.support.v4.app.Fragment$InstantiationException: Fragment$InstantiationException(java.lang.String,java.lang.Exception)
android.support.v4.app.Fragment$SavedState
android.support.v4.app.Fragment$SavedState: android.os.Parcelable$Creator CREATOR
android.support.v4.app.FragmentActivity
android.support.v4.app.FragmentActivity: FragmentActivity()
android.support.v4.app.FragmentManagerState
android.support.v4.app.FragmentManagerState: android.os.Parcelable$Creator CREATOR
android.support.v4.app.FragmentState
android.support.v4.app.FragmentState: android.os.Parcelable$Creator CREATOR
android.support.v4.app.FragmentTabHost
android.support.v4.app.FragmentTabHost: FragmentTabHost(android.content.Context)
android.support.v4.app.FragmentTabHost: FragmentTabHost(android.content.Context,android.util.AttributeSet)
android.support.v4.app.FragmentTabHost: void setup()
android.support.v4.app.FragmentTabHost: void setup(android.content.Context,android.support.v4.app.FragmentManager)
android.support.v4.app.FragmentTabHost: void setup(android.content.Context,android.support.v4.app.FragmentManager,int)
android.support.v4.app.FragmentTabHost: void setOnTabChangedListener(android.widget.TabHost$OnTabChangeListener)
android.support.v4.app.FragmentTabHost$SavedState
android.support.v4.app.FragmentTabHost$SavedState: android.os.Parcelable$Creator CREATOR
android.support.v4.app.ListFragment
android.support.v4.app.NotificationCompatSideChannelService
android.support.v4.app.SuperNotCalledException
android.support.v4.app.SuperNotCalledException: SuperNotCalledException(java.lang.String)
android.support.v4.content.FileProvider
android.support.v4.content.ModernAsyncTask$Status
android.support.v4.content.ModernAsyncTask$Status: android.support.v4.content.ModernAsyncTask$Status PENDING
android.support.v4.content.ModernAsyncTask$Status: android.support.v4.content.ModernAsyncTask$Status RUNNING
android.support.v4.content.ModernAsyncTask$Status: android.support.v4.content.ModernAsyncTask$Status FINISHED
android.support.v4.content.ModernAsyncTask$Status: android.support.v4.content.ModernAsyncTask$Status[] values()
android.support.v4.content.ModernAsyncTask$Status: android.support.v4.content.ModernAsyncTask$Status valueOf(java.lang.String)
android.support.v4.content.ModernAsyncTask$Status: void <clinit>()
android.support.v4.content.WakefulBroadcastReceiver
android.support.v4.media.MediaMetadataCompat
android.support.v4.media.MediaMetadataCompat: android.os.Parcelable$Creator CREATOR
android.support.v4.media.RatingCompat
android.support.v4.media.RatingCompat: android.os.Parcelable$Creator CREATOR
android.support.v4.media.session.MediaSessionCompat$Token
android.support.v4.media.session.MediaSessionCompat$Token: android.os.Parcelable$Creator CREATOR
android.support.v4.media.session.PlaybackStateCompat
android.support.v4.media.session.PlaybackStateCompat: android.os.Parcelable$Creator CREATOR