app/mapping.txt
com.haipeng.geomancy.MyInterface.DataGetFinish -> com.haipeng.geomancy.a.a:
    void dataGetFinish(org.json.JSONObject) -> a
    void IOException() -> a
com.haipeng.geomancy.MyInterface.EnsureCancel -> com.haipeng.geomancy.a.b:
    void ensure() -> a
    void cancel() -> b
com.haipeng.geomancy.MyInterface.HasDgressChange -> com.haipeng.geomancy.a.c:
    void hadgressChange(float) -> a
com.haipeng.geomancy.UserData.UserDataSharedPreferences -> com.haipeng.geomancy.b.a:
    void setChoiceMap(android.content.Context,java.util.Map) -> a
    java.util.Map getChoiceMap(android.content.Context) -> a
    void insertSPUserInfoByStr(android.content.Context,java.lang.String,java.lang.String) -> a
    java.lang.String querySPUserInfoByStr(android.content.Context,java.lang.String) -> a
    void clearAllSPUserInfo(android.content.Context) -> b
com.haipeng.geomancy.adapter.ChoiceAdapter -> com.haipeng.geomancy.c.a:
    android.support.v7.app.ActionBarActivity mActivity -> a
    java.util.List mList -> b
    java.util.Map map -> c
    int getCount() -> getCount
    java.lang.Object getItem(int) -> getItem
    long getItemId(int) -> getItemId
    android.view.View getView(int,android.view.View,android.view.ViewGroup) -> getView
    java.util.Map getMap() -> a
com.haipeng.geomancy.adapter.ChoiceAdapter$1 -> com.haipeng.geomancy.c.b:
    android.view.View val$view -> a
    int val$position -> b
    com.haipeng.geomancy.adapter.ChoiceAdapter this$0 -> c
    void onCheckedChanged(android.widget.RadioGroup,int) -> onCheckedChanged
com.haipeng.geomancy.adapter.ChoiceAdapter$2 -> com.haipeng.geomancy.c.c:
    android.view.View val$mConvertView -> a
    int val$position -> b
    com.haipeng.geomancy.adapter.ChoiceAdapter this$0 -> c
    void onCheckedChanged(android.widget.RadioGroup,int) -> onCheckedChanged
com.haipeng.geomancy.data.BaseGetData -> com.haipeng.geomancy.d.a:
    com.haipeng.geomancy.MyInterface.DataGetFinish mdgf -> a
    org.json.JSONObject getJsonData -> b
com.haipeng.geomancy.data.BaseGetData$GetData -> com.haipeng.geomancy.d.b:
    com.haipeng.geomancy.data.BaseGetData this$0 -> a
    org.json.JSONObject doInBackground(java.lang.String[]) -> a
    void onPostExecute(org.json.JSONObject) -> a
    void onPostExecute(java.lang.Object) -> onPostExecute
    java.lang.Object doInBackground(java.lang.Object[]) -> doInBackground
com.haipeng.geomancy.data.BasePayPostData -> com.haipeng.geomancy.d.c:
    com.haipeng.geomancy.MyInterface.DataGetFinish mdgf -> a
    org.json.JSONObject getJsonData -> b
com.haipeng.geomancy.data.BasePayPostData$GetData -> com.haipeng.geomancy.d.d:
    com.haipeng.geomancy.data.BasePayPostData this$0 -> a
    org.json.JSONObject doInBackground(java.lang.String[]) -> a
    void onPostExecute(org.json.JSONObject) -> a
    void onPostExecute(java.lang.Object) -> onPostExecute
    java.lang.Object doInBackground(java.lang.Object[]) -> doInBackground
com.haipeng.geomancy.data.HttpPostUri -> com.haipeng.geomancy.d.e:
    java.lang.String Data_Ip -> a
    java.lang.String home_chose_uri -> b
    java.lang.String home_xialingshi_uri -> c
    java.lang.String register_uri -> d
    java.lang.String home_chose_question_uri -> e
    java.lang.String total_evaluate -> f
    java.lang.String eight_towards -> g
    java.lang.String user_eva_app -> h
    java.lang.String PAY_Ip -> i
    java.lang.String pay_uri -> j
    java.lang.String get_pay_uri -> k
com.haipeng.geomancy.data.MyConstants -> com.haipeng.geomancy.d.f:
    java.lang.String ToRegisterFlag -> a
com.haipeng.geomancy.data.MyStaticData -> com.haipeng.geomancy.d.g:
    boolean isGHJTCY -> a
...
android.support.v7.internal.widget.TintResources -> android.support.v7.internal.widget.bc:
    android.support.v7.internal.widget.TintManager mTintManager -> a
    android.graphics.drawable.Drawable getDrawable(int) -> getDrawable
android.support.v7.internal.widget.TintSpinner -> android.support.v7.internal.widget.TintSpinner:
    int[] TINT_ATTRS -> a
    void setPopupBackgroundDrawableV11(android.widget.Spinner,android.graphics.drawable.Drawable) -> a
android.support.v7.internal.widget.TintTypedArray -> android.support.v7.internal.widget.bd:
    android.content.Context mContext -> a
    android.content.res.TypedArray mWrapped -> b
    android.support.v7.internal.widget.TintManager mTintManager -> c
    android.support.v7.internal.widget.TintTypedArray obtainStyledAttributes(android.content.Context,android.util.AttributeSet,int[],int,int) -> a
    android.graphics.drawable.Drawable getDrawable(int) -> a
    int length() -> a
    java.lang.CharSequence getText(int) -> b
    java.lang.String getString(int) -> c
    boolean getBoolean(int,boolean) -> a
    int getInt(int,int) -> a
    float getFloat(int,float) -> a
    int getInteger(int,int) -> b
    int getDimensionPixelOffset(int,int) -> c
    int getDimensionPixelSize(int,int) -> d
    int getLayoutDimension(int,int) -> e
    int getResourceId(int,int) -> f
    boolean hasValue(int) -> d
    void recycle() -> b
    android.support.v7.internal.widget.TintManager getTintManager() -> c
android.support.v7.internal.widget.ToolbarWidgetWrapper -> android.support.v7.internal.widget.be:
    android.support.v7.widget.Toolbar mToolbar -> a
    int mDisplayOpts -> b
    android.view.View mTabView -> c
    android.view.View mCustomView -> d
    android.graphics.drawable.Drawable mIcon -> e
    android.graphics.drawable.Drawable mLogo -> f
    android.graphics.drawable.Drawable mNavIcon -> g
    boolean mTitleSet -> h
    java.lang.CharSequence mTitle -> i
    java.lang.CharSequence mSubtitle -> j
    java.lang.CharSequence mHomeDescription -> k
    android.support.v7.internal.app.WindowCallback mWindowCallback -> l
    boolean mMenuPrepared -> m
    android.support.v7.widget.ActionMenuPresenter mActionMenuPresenter -> n
    int mNavigationMode -> o
    android.support.v7.internal.widget.TintManager mTintManager -> p
    int mDefaultNavigationContentDescription -> q
    android.graphics.drawable.Drawable mDefaultNavigationIcon -> r
    void setDefaultNavigationContentDescription(int) -> e
    void setDefaultNavigationIcon(android.graphics.drawable.Drawable) -> b
    int detectDisplayOptions() -> r
    android.view.ViewGroup getViewGroup() -> a
    android.content.Context getContext() -> b
    boolean isSplit() -> c
    boolean hasExpandedActionView() -> d
    void collapseActionView() -> e
    void setWindowCallback(android.support.v7.internal.app.WindowCallback) -> a
    void setWindowTitle(java.lang.CharSequence) -> a
    java.lang.CharSequence getTitle() -> f
android.support.v7.internal.widget.ToolbarWidgetWrapper$1 -> android.support.v7.internal.widget.bf:
    android.support.v7.internal.view.menu.ActionMenuItem mNavItem -> a
    android.support.v7.internal.widget.ToolbarWidgetWrapper this$0 -> b
    void onClick(android.view.View) -> onClick
android.support.v7.internal.widget.ToolbarWidgetWrapper$2 -> android.support.v7.internal.widget.bg:
    boolean mCanceled -> b
    android.support.v7.internal.widget.ToolbarWidgetWrapper this$0 -> a
    void onAnimationEnd(android.view.View) -> b
    void onAnimationCancel(android.view.View) -> c
android.support.v7.internal.widget.ToolbarWidgetWrapper$3 -> android.support.v7.internal.widget.bh:
    android.support.v7.internal.widget.ToolbarWidgetWrapper this$0 -> a
    void onAnimationStart(android.view.View) -> a