app/unused.txt
com.haipeng.geomancy.BuildConfig
com.haipeng.geomancy.MyInterface.EnterMainActivitySelect
com.haipeng.geomancy.MyInterface.HighFiveMetersChange
com.haipeng.geomancy.MyInterface.XYFiveMetersChange
com.haipeng.geomancy.R
com.haipeng.geomancy.R$anim
com.haipeng.geomancy.R$array
com.haipeng.geomancy.R$attr
com.haipeng.geomancy.R$bool
com.haipeng.geomancy.R$color
com.haipeng.geomancy.R$dimen
com.haipeng.geomancy.R$drawable
com.haipeng.geomancy.R$id
com.haipeng.geomancy.R$integer
com.haipeng.geomancy.R$layout
com.haipeng.geomancy.R$menu
com.haipeng.geomancy.R$string
com.haipeng.geomancy.R$style
com.haipeng.geomancy.R$styleable
com.haipeng.geomancy.UserData.UserContentDB
com.haipeng.geomancy.UserData.UserContentDB$UserDBHelper
com.haipeng.geomancy.UserData.UserDataSharedPreferences:
    public static final java.lang.String SP_USERNAME
    public static final java.lang.String SP_USERSEX
    public static final java.lang.String SP_USERPROVICE
    public static final java.lang.String SP_USERCITY
    public static final java.lang.String SP_USERCOUNTRY
    public static final java.lang.String SP_USERBIR
    public static final java.lang.String SP_USERBIRLUAR
    public static final java.lang.String SP_USERXIA
    public static final java.lang.String SP_USERKONWDETAILTIME
    public static final java.lang.String SP_USERSTARTTIME
    public static final java.lang.String SP_USERENDTIME
    public static final java.lang.String SP_HADPAID
    public static final java.lang.String SP_HADSERVICED
    public static final java.lang.String SP_HOMEOWNERID
    public static final java.lang.String SP_USERBIRDETAILTIME
    15:15:public UserDataSharedPreferences()
    64:68:public static void clearSPUserInfoByStr(android.content.Context,java.lang.String)
com.haipeng.geomancy.adapter.EvaluteAdapter
com.haipeng.geomancy.data.BaseGetData:
    java.lang.String mUri
    java.lang.String mJsonParams
    java.lang.String mAttationStr
com.haipeng.geomancy.data.BasePayGetData
com.haipeng.geomancy.data.BasePayGetData$GetData
com.haipeng.geomancy.data.BasePayPostData:
    java.lang.String mUri
    java.lang.String mJsonParams
    java.lang.String mAttationStr
com.haipeng.geomancy.data.HttpPostUri:
    6:6:public HttpPostUri()
com.haipeng.geomancy.data.MyConstants:
    public static final java.lang.String HomeOwnerToRegister
    public static final java.lang.String HomeOtherToRegister
    6:6:public MyConstants()
com.haipeng.geomancy.data.MyStaticData:
    6:6:public MyStaticData()
com.haipeng.geomancy.entity.ApplicationInfo
com.haipeng.geomancy.entity.GPSHouse
com.haipeng.geomancy.entity.House
com.haipeng.geomancy.entity.HouseOwner
com.haipeng.geomancy.entity.Relative
com.haipeng.geomancy.lunarDatePicker.CalendarUtil:
    private int year
    private int month
    private boolean leap
    51:56:public static final int yearDays(int)
    85:87:public final java.lang.String animalsYear()
    92:97:public static final java.lang.String cyclicalm(int)
    102:103:public final java.lang.String cyclical()
    127:127:public java.lang.String getDay()
com.haipeng.geomancy.lunarDatePicker.LunarDatePicker:
    26:28:public LunarDatePicker(android.content.Context,android.util.AttributeSet,int,int)
com.haipeng.geomancy.myView.CompassView:
    74:76:public void updateDirection(float)
com.haipeng.geomancy.region.HasCompletedCity
com.haipeng.geomancy.region.HasCompletedCounty
com.haipeng.geomancy.region.HasCompletedProvince
com.haipeng.geomancy.region.RegionData:
    443:443:public java.lang.String[] getProvices()
...
android.support.v4.net.ConnectivityManagerCompatGingerbread
android.support.v4.net.ConnectivityManagerCompatHoneycombMR2
android.support.v4.net.ConnectivityManagerCompatJellyBean
android.support.v4.net.TrafficStatsCompat
android.support.v4.net.TrafficStatsCompat$1
android.support.v4.net.TrafficStatsCompat$BaseTrafficStatsCompatImpl
android.support.v4.net.TrafficStatsCompat$BaseTrafficStatsCompatImpl$1
android.support.v4.net.TrafficStatsCompat$BaseTrafficStatsCompatImpl$SocketTags
android.support.v4.net.TrafficStatsCompat$IcsTrafficStatsCompatImpl
android.support.v4.net.TrafficStatsCompat$TrafficStatsCompatImpl
android.support.v4.net.TrafficStatsCompatIcs
android.support.v4.os.AsyncTaskCompat:
    26:26:public AsyncTaskCompat()
android.support.v4.os.AsyncTaskCompatHoneycomb:
    24:24:AsyncTaskCompatHoneycomb()
android.support.v4.os.EnvironmentCompat
android.support.v4.os.EnvironmentCompatKitKat
android.support.v4.os.ParcelableCompat:
    26:42:public ParcelableCompat()
android.support.v4.os.ParcelableCompatCreatorHoneycombMR2Stub:
    22:22:ParcelableCompatCreatorHoneycombMR2Stub()
android.support.v4.print.PrintHelper
android.support.v4.print.PrintHelper$1
android.support.v4.print.PrintHelper$OnPrintFinishCallback
android.support.v4.print.PrintHelper$PrintHelperKitkatImpl
android.support.v4.print.PrintHelper$PrintHelperKitkatImpl$1
android.support.v4.print.PrintHelper$PrintHelperKitkatImpl$2
android.support.v4.print.PrintHelper$PrintHelperStubImpl
android.support.v4.print.PrintHelper$PrintHelperVersionImpl
android.support.v4.print.PrintHelperKitkat
android.support.v4.print.PrintHelperKitkat$1
android.support.v4.print.PrintHelperKitkat$2
android.support.v4.print.PrintHelperKitkat$2$1
android.support.v4.print.PrintHelperKitkat$2$1$1
android.support.v4.print.PrintHelperKitkat$OnPrintFinishCallback
android.support.v4.provider.DocumentFile
android.support.v4.provider.DocumentsContractApi19
android.support.v4.provider.DocumentsContractApi21
android.support.v4.provider.RawDocumentFile
android.support.v4.provider.SingleDocumentFile
android.support.v4.provider.TreeDocumentFile
android.support.v4.speech.tts.TextToSpeechICS
android.support.v4.speech.tts.TextToSpeechICSMR1
android.support.v4.speech.tts.TextToSpeechICSMR1$1
android.support.v4.speech.tts.TextToSpeechICSMR1$2
android.support.v4.speech.tts.TextToSpeechICSMR1$UtteranceProgressListenerICSMR1
android.support.v4.text.BidiFormatter
android.support.v4.text.BidiFormatter$1
android.support.v4.text.BidiFormatter$Builder
android.support.v4.text.BidiFormatter$DirectionalityEstimator
android.support.v4.text.ICUCompat:
    21:40:public ICUCompat()
android.support.v4.text.ICUCompatIcs:
    private static final java.lang.String TAG
    24:24:ICUCompatIcs()
android.support.v4.text.TextDirectionHeuristicCompat
android.support.v4.text.TextDirectionHeuristicsCompat
android.support.v4.text.TextDirectionHeuristicsCompat$1
android.support.v4.text.TextDirectionHeuristicsCompat$AnyStrong
android.support.v4.text.TextDirectionHeuristicsCompat$FirstStrong
android.support.v4.text.TextDirectionHeuristicsCompat$TextDirectionAlgorithm
android.support.v4.text.TextDirectionHeuristicsCompat$TextDirectionHeuristicImpl
android.support.v4.text.TextDirectionHeuristicsCompat$TextDirectionHeuristicInternal
android.support.v4.text.TextDirectionHeuristicsCompat$TextDirectionHeuristicLocale
android.support.v4.text.TextUtilsCompat:
    25:25:public TextUtilsCompat()
    34:62:public static java.lang.String htmlEncode(java.lang.String)
android.support.v4.util.ArrayMap:
    61:62:public ArrayMap(int)
    68:69:public ArrayMap(android.support.v4.util.SimpleArrayMap)
    130:130:public boolean containsAll(java.util.Collection)
    151:151:public boolean removeAll(java.util.Collection)
android.support.v4.util.AtomicFile
android.support.v4.util.CircularArray